静态文件服务已配置
监控系统已设置
服务器运行在 http://127.0.0.1:8000
测试端点: http://127.0.0.1:8000/api/hello
2025-03-09T21:05:41.630Z - GET /hello
2025-03-09T21:05:41.633Z - GET /hello
2025-03-09T21:05:41.642Z - POST /articles
Request body: { database_id: '1a932af826e680df8bf7f320b51930b9' }
Using database ID: 1a932af826e680df8bf7f320b51930b9
2025-03-09T21:05:41.677Z - POST /articles
Request body: { database_id: '1a932af826e680df8bf7f320b51930b9' }
Using database ID: 1a932af826e680df8bf7f320b51930b9
Notion API POST databases/1a932af826e680df8bf7f320b51930b9/query: 200
Notion API response received
Found 6 articles
Notion API POST databases/1a932af826e680df8bf7f320b51930b9/query: 200
Notion API response received
Found 6 articles
2025-03-09T21:05:43.716Z - GET /blocks/1af32af8-26e6-80d8-a11a-edc916fbdc4b/children
获取块的子块数据，块ID: 1af32af8-26e6-80d8-a11a-edc916fbdc4b
Notion API GET blocks/1af32af8-26e6-80d8-a11a-edc916fbdc4b/children?page_size=100: 200
成功获取块的子块数据，共 6 个子块
2025-03-09T21:05:44.394Z - GET /blocks/1af32af8-26e6-80d8-a11a-edc916fbdc4b/children
获取块的子块数据，块ID: 1af32af8-26e6-80d8-a11a-edc916fbdc4b
Notion API GET blocks/1af32af8-26e6-80d8-a11a-edc916fbdc4b/children?page_size=100: 200
成功获取块的子块数据，共 6 个子块
收到 SIGTERM 信号，正在关闭服务器...
